<?xml version="1.0" encoding="UTF-8"?>
<!-- Generated by org.testng.reporters.JUnitReportReporter -->
<testsuite ignored="0" hostname="LAPTOP-E2H31JCQ" failures="0" tests="1" name="com.learnautomation.testcases.LoginTestFB" time="9.073" errors="0" timestamp="11 May 2021 18:10:29 GMT" skipped="0">
  <testcase classname="com.learnautomation.testcases.LoginTestFB" name="loginApp" time="9.073"/>
</testsuite> <!-- com.learnautomation.testcases.LoginTestFB -->
